   1               		.file	"main.cpp"
   2               	__SP_H__ = 0x3e
   3               	__SP_L__ = 0x3d
   4               	__SREG__ = 0x3f
   5               	__tmp_reg__ = 0
   6               	__zero_reg__ = 1
   7               		.text
   8               	.global	_Z5ledOnv
  10               	_Z5ledOnv:
  11               	/* prologue: function */
  12               	/* frame size = 0 */
  13               	/* stack size = 0 */
  14               	.L__stack_usage = 0
  15 0000 1D9A      		sbi 0x3,5
  16               	/* epilogue start */
  17 0002 0895      		ret
  19               	.global	_Z6ledOffv
  21               	_Z6ledOffv:
  22               	/* prologue: function */
  23               	/* frame size = 0 */
  24               	/* stack size = 0 */
  25               	.L__stack_usage = 0
  26 0004 1D98      		cbi 0x3,5
  27               	/* epilogue start */
  28 0006 0895      		ret
  30               	.global	__vector_16
  32               	__vector_16:
  33 0008 1F92      		push r1
  34 000a 0F92      		push r0
  35 000c 0FB6      		in r0,__SREG__
  36 000e 0F92      		push r0
  37 0010 1124      		clr __zero_reg__
  38 0012 2F93      		push r18
  39 0014 3F93      		push r19
  40 0016 4F93      		push r20
  41 0018 5F93      		push r21
  42 001a 6F93      		push r22
  43 001c 7F93      		push r23
  44 001e 8F93      		push r24
  45 0020 9F93      		push r25
  46 0022 AF93      		push r26
  47 0024 BF93      		push r27
  48 0026 EF93      		push r30
  49 0028 FF93      		push r31
  50               	/* prologue: Signal */
  51               	/* frame size = 0 */
  52               	/* stack size = 15 */
  53               	.L__stack_usage = 15
  54 002a 8091 0000 		lds r24,cnt
  55 002e 8F5F      		subi r24,lo8(-(1))
  56 0030 8093 0000 		sts cnt,r24
  57 0034 8E31      		cpi r24,lo8(30)
  58 0036 00F0      		brlo .L3
  59 0038 8091 0000 		lds r24,isOn
  60 003c 8823      		tst r24
  61 003e 01F0      		breq .L5
  62 0040 0E94 0000 		call _Z6ledOffv
  63 0044 1092 0000 		sts isOn,__zero_reg__
  64               	.L6:
  65 0048 1092 0000 		sts cnt,__zero_reg__
  66               	.L3:
  67               	/* epilogue start */
  68 004c FF91      		pop r31
  69 004e EF91      		pop r30
  70 0050 BF91      		pop r27
  71 0052 AF91      		pop r26
  72 0054 9F91      		pop r25
  73 0056 8F91      		pop r24
  74 0058 7F91      		pop r23
  75 005a 6F91      		pop r22
  76 005c 5F91      		pop r21
  77 005e 4F91      		pop r20
  78 0060 3F91      		pop r19
  79 0062 2F91      		pop r18
  80 0064 0F90      		pop r0
  81 0066 0FBE      		out __SREG__,r0
  82 0068 0F90      		pop r0
  83 006a 1F90      		pop r1
  84 006c 1895      		reti
  85               	.L5:
  86 006e 0E94 0000 		call _Z5ledOnv
  87 0072 81E0      		ldi r24,lo8(1)
  88 0074 8093 0000 		sts isOn,r24
  89 0078 00C0      		rjmp .L6
  91               		.section	.text.startup,"ax",@progbits
  92               	.global	main
  94               	main:
  95               	/* prologue: function */
  96               	/* frame size = 0 */
  97               	/* stack size = 0 */
  98               	.L__stack_usage = 0
  99 0000 259A      		sbi 0x4,5
 100 0002 85B5      		in r24,0x25
 101 0004 8560      		ori r24,lo8(5)
 102 0006 85BD      		out 0x25,r24
 103 0008 16BC      		out 0x26,__zero_reg__
 104 000a 8091 6E00 		lds r24,110
 105 000e 8160      		ori r24,lo8(1)
 106 0010 8093 6E00 		sts 110,r24
 107               	/* #APP */
 108               	 ;  38 "main.cpp" 1
 109 0014 7894      		sei
 110               	 ;  0 "" 2
 111               	/* #NOAPP */
 112               	.L8:
 113 0016 00C0      		rjmp .L8
 115               	.global	cnt
 116               		.section .bss
 119               	cnt:
 120 0000 00        		.zero	1
 121               	.global	isOn
 124               	isOn:
 125 0001 00        		.zero	1
 126               		.ident	"GCC: (GNU) 7.1.0"
 127               	.global __do_clear_bss
DEFINED SYMBOLS
                            *ABS*:0000000000000000 main.cpp
     /tmp/ccanU8eT.s:2      *ABS*:000000000000003e __SP_H__
     /tmp/ccanU8eT.s:3      *ABS*:000000000000003d __SP_L__
     /tmp/ccanU8eT.s:4      *ABS*:000000000000003f __SREG__
     /tmp/ccanU8eT.s:5      *ABS*:0000000000000000 __tmp_reg__
     /tmp/ccanU8eT.s:6      *ABS*:0000000000000001 __zero_reg__
     /tmp/ccanU8eT.s:10     .text:0000000000000000 _Z5ledOnv
     /tmp/ccanU8eT.s:21     .text:0000000000000004 _Z6ledOffv
     /tmp/ccanU8eT.s:32     .text:0000000000000008 __vector_16
     /tmp/ccanU8eT.s:119    .bss:0000000000000000 cnt
     /tmp/ccanU8eT.s:124    .bss:0000000000000001 isOn
     /tmp/ccanU8eT.s:94     .text.startup:0000000000000000 main

UNDEFINED SYMBOLS
__do_clear_bss
